[debug] [2021-05-17T06:50:10.583Z] ----------------------------------------------------------------------
[debug] [2021-05-17T06:50:10.585Z] Command:       C:\Program Files\nodejs\node.exe C:\Program Files\nodejs\node_modules\firebase-tools\lib\bin\firebase.js init
[debug] [2021-05-17T06:50:10.585Z] CLI Version:   9.10.2
[debug] [2021-05-17T06:50:10.585Z] Platform:      win32
[debug] [2021-05-17T06:50:10.585Z] Node Version:  v10.16.3
[debug] [2021-05-17T06:50:10.586Z] Time:          Mon May 17 2021 13:50:10 GMT+0700 (Indochina Time)
[debug] [2021-05-17T06:50:10.586Z] ----------------------------------------------------------------------
[debug] 
[debug] [2021-05-17T06:50:10.592Z] > command requires scopes: ["email","openid","https://www.googleapis.com/auth/cloudplatformprojects.readonly","https://www.googleapis.com/auth/firebase","https://www.googleapis.com/auth/cloud-platform"]
[debug] [2021-05-17T06:50:10.592Z] > authorizing via signed-in user (lmdung94@gmail.com)
[info] 
     ######## #### ########  ######## ########     ###     ######  ########
     ##        ##  ##     ## ##       ##     ##  ##   ##  ##       ##
     ######    ##  ########  ######   ########  #########  ######  ######
     ##        ##  ##    ##  ##       ##     ## ##     ##       ## ##
     ##       #### ##     ## ######## ########  ##     ##  ######  ########

You're about to initialize a Firebase project in this directory:

  D:\myReact2021\Example\09-time-to-practice-starting-code

[info] 
=== Project Setup
[info] 
[info] First, let's associate this project directory with a Firebase project.
[info] You can create multiple project aliases by running firebase use --add, 
[info] but for now we'll just set up a default project.
[info] 
[debug] [2021-05-17T06:50:20.626Z] > refreshing access token with scopes: []
[debug] [2021-05-17T06:50:20.626Z] >>> HTTP REQUEST POST https://www.googleapis.com/oauth2/v3/token  
 <request body omitted>
[debug] [2021-05-17T06:50:20.937Z] <<< HTTP RESPONSE 400 {"expires":"Mon, 01 Jan 1990 00:00:00 GMT","cache-control":"no-cache, no-store, max-age=0, must-revalidate","pragma":"no-cache","date":"Mon, 17 May 2021 06:50:06 GMT","content-type":"application/json; charset=utf-8","vary":"X-Origin, Referer, Origin,Accept-Encoding","server":"scaffolding on HTTPServer2","x-xss-protection":"0","x-frame-options":"SAMEORIGIN","x-content-type-options":"nosniff","alt-svc":"h3-29=\":443\"; ma=2592000,h3-T051=\":443\"; ma=2592000,h3-Q050=\":443\"; ma=2592000,h3-Q046=\":443\"; ma=2592000,h3-Q043=\":443\"; ma=2592000,quic=\":443\"; ma=2592000; v=\"46,43\"","accept-ranges":"none","transfer-encoding":"chunked"}
[debug] [2021-05-17T06:50:20.940Z] >>> [apiv2][query] GET https://firebase.googleapis.com/v1beta1/projects pageSize=100
[debug] [2021-05-17T06:50:21.380Z] <<< [apiv2][status] GET https://firebase.googleapis.com/v1beta1/projects 401
[debug] [2021-05-17T06:50:21.380Z] <<< [apiv2][body] GET https://firebase.googleapis.com/v1beta1/projects [omitted]
[debug] [2021-05-17T06:50:21.380Z] HTTP Error: 401, Request had invalid authentication credentials. Expected OAuth 2 access token, login cookie or other valid authentication credential. See https://developers.google.com/identity/sign-in/web/devconsole-project.
[debug] [2021-05-17T06:50:21.671Z] FirebaseError: HTTP Error: 401, Request had invalid authentication credentials. Expected OAuth 2 access token, login cookie or other valid authentication credential. See https://developers.google.com/identity/sign-in/web/devconsole-project.
    at module.exports (C:\Users\_dev\AppData\Roaming\nvm\v10.16.3\node_modules\firebase-tools\lib\responseToError.js:38:12)
    at Client.doRequest (C:\Users\_dev\AppData\Roaming\nvm\v10.16.3\node_modules\firebase-tools\lib\apiv2.js:238:23)
    at process._tickCallback (internal/process/next_tick.js:68:7)
[error] 
[error] Error: Failed to list Firebase projects. See firebase-debug.log for more info.
[debug] [2021-05-17T06:50:26.945Z] ----------------------------------------------------------------------
[debug] [2021-05-17T06:50:26.947Z] Command:       C:\Program Files\nodejs\node.exe C:\Program Files\nodejs\node_modules\firebase-tools\lib\bin\firebase.js init
[debug] [2021-05-17T06:50:26.947Z] CLI Version:   9.10.2
[debug] [2021-05-17T06:50:26.947Z] Platform:      win32
[debug] [2021-05-17T06:50:26.947Z] Node Version:  v10.16.3
[debug] [2021-05-17T06:50:26.948Z] Time:          Mon May 17 2021 13:50:26 GMT+0700 (Indochina Time)
[debug] [2021-05-17T06:50:26.948Z] ----------------------------------------------------------------------
[debug] 
[debug] [2021-05-17T06:50:26.954Z] > command requires scopes: ["email","openid","https://www.googleapis.com/auth/cloudplatformprojects.readonly","https://www.googleapis.com/auth/firebase","https://www.googleapis.com/auth/cloud-platform"]
[debug] [2021-05-17T06:50:26.955Z] > authorizing via signed-in user (lmdung94@gmail.com)
[info] 
     ######## #### ########  ######## ########     ###     ######  ########
     ##        ##  ##     ## ##       ##     ##  ##   ##  ##       ##
     ######    ##  ########  ######   ########  #########  ######  ######
     ##        ##  ##    ##  ##       ##     ## ##     ##       ## ##
     ##       #### ##     ## ######## ########  ##     ##  ######  ########

You're about to initialize a Firebase project in this directory:

  D:\myReact2021\Example\09-time-to-practice-starting-code

[info] 
=== Project Setup
[info] 
[info] First, let's associate this project directory with a Firebase project.
[info] You can create multiple project aliases by running firebase use --add, 
[info] but for now we'll just set up a default project.
[info] 
[debug] [2021-05-17T06:50:54.987Z] > refreshing access token with scopes: []
[debug] [2021-05-17T06:50:54.987Z] >>> HTTP REQUEST POST https://www.googleapis.com/oauth2/v3/token  
 <request body omitted>
[debug] [2021-05-17T06:50:55.287Z] <<< HTTP RESPONSE 400 {"date":"Mon, 17 May 2021 06:50:40 GMT","pragma":"no-cache","expires":"Mon, 01 Jan 1990 00:00:00 GMT","cache-control":"no-cache, no-store, max-age=0, must-revalidate","content-type":"application/json; charset=utf-8","vary":"X-Origin, Referer, Origin,Accept-Encoding","server":"scaffolding on HTTPServer2","x-xss-protection":"0","x-frame-options":"SAMEORIGIN","x-content-type-options":"nosniff","alt-svc":"h3-29=\":443\"; ma=2592000,h3-T051=\":443\"; ma=2592000,h3-Q050=\":443\"; ma=2592000,h3-Q046=\":443\"; ma=2592000,h3-Q043=\":443\"; ma=2592000,quic=\":443\"; ma=2592000; v=\"46,43\"","accept-ranges":"none","transfer-encoding":"chunked"}
[debug] [2021-05-17T06:50:55.294Z] >>> [apiv2][query] GET https://firebase.googleapis.com/v1beta1/projects pageSize=100
[debug] [2021-05-17T06:50:55.622Z] <<< [apiv2][status] GET https://firebase.googleapis.com/v1beta1/projects 401
[debug] [2021-05-17T06:50:55.622Z] <<< [apiv2][body] GET https://firebase.googleapis.com/v1beta1/projects [omitted]
[debug] [2021-05-17T06:50:55.623Z] HTTP Error: 401, Request had invalid authentication credentials. Expected OAuth 2 access token, login cookie or other valid authentication credential. See https://developers.google.com/identity/sign-in/web/devconsole-project.
[debug] [2021-05-17T06:50:55.889Z] FirebaseError: HTTP Error: 401, Request had invalid authentication credentials. Expected OAuth 2 access token, login cookie or other valid authentication credential. See https://developers.google.com/identity/sign-in/web/devconsole-project.
    at module.exports (C:\Users\_dev\AppData\Roaming\nvm\v10.16.3\node_modules\firebase-tools\lib\responseToError.js:38:12)
    at Client.doRequest (C:\Users\_dev\AppData\Roaming\nvm\v10.16.3\node_modules\firebase-tools\lib\apiv2.js:238:23)
    at process._tickCallback (internal/process/next_tick.js:68:7)
[error] 
[error] Error: Failed to list Firebase projects. See firebase-debug.log for more info.
